{"/Users/mariannalove/Desktop/todo-list-test/src/mockFunction/addTask.js": {"path":"/Users/mariannalove/Desktop/todo-list-test/src/mockFunction/addTask.js","statementMap":{"0":{"start":{"line":2,"column":27},"end":{"line":2,"column":85}},"1":{"start":{"line":3,"column":20},"end":{"line":3,"column":56}},"2":{"start":{"line":4,"column":19},"end":{"line":4,"column":50}},"3":{"start":{"line":5,"column":18},"end":{"line":9,"column":3}},"4":{"start":{"line":10,"column":2},"end":{"line":13,"column":3}},"5":{"start":{"line":11,"column":4},"end":{"line":11,"column":35}},"6":{"start":{"line":12,"column":4},"end":{"line":12,"column":79}},"7":{"start":{"line":14,"column":2},"end":{"line":14,"column":26}},"8":{"start":{"line":15,"column":2},"end":{"line":22,"column":4}},"9":{"start":{"line":23,"column":2},"end":{"line":23,"column":17}}},"fnMap":{"0":{"name":"addTask","decl":{"start":{"line":1,"column":24},"end":{"line":1,"column":31}},"loc":{"start":{"line":1,"column":35},"end":{"line":24,"column":1}},"line":1}},"branchMap":{"0":{"loc":{"start":{"line":2,"column":27},"end":{"line":2,"column":85}},"type":"binary-expr","locations":[{"start":{"line":2,"column":27},"end":{"line":2,"column":79}},{"start":{"line":2,"column":83},"end":{"line":2,"column":85}}],"line":2},"1":{"loc":{"start":{"line":10,"column":2},"end":{"line":13,"column":3}},"type":"if","locations":[{"start":{"line":10,"column":2},"end":{"line":13,"column":3}},{"start":{},"end":{}}],"line":10}},"s":{"0":1,"1":1,"2":1,"3":1,"4":1,"5":1,"6":1,"7":1,"8":1,"9":1},"f":{"0":1},"b":{"0":[1,1],"1":[1,0]},"_coverageSchema":"1a1c01bbd47fc00a2c39e90264f33305004495a9","hash":"f91076c18c75afd59c9fa6af9577a273ac7282af"}
,"/Users/mariannalove/Desktop/todo-list-test/src/mockFunction/clearCompletetask.js": {"path":"/Users/mariannalove/Desktop/todo-list-test/src/mockFunction/clearCompletetask.js","statementMap":{"0":{"start":{"line":1,"column":23},"end":{"line":35,"column":2}},"1":{"start":{"line":2,"column":20},"end":{"line":22,"column":1}},"2":{"start":{"line":23,"column":17},"end":{"line":23,"column":19}},"3":{"start":{"line":24,"column":3},"end":{"line":28,"column":6}},"4":{"start":{"line":25,"column":5},"end":{"line":27,"column":6}},"5":{"start":{"line":26,"column":7},"end":{"line":26,"column":24}},"6":{"start":{"line":29,"column":11},"end":{"line":29,"column":12}},"7":{"start":{"line":30,"column":3},"end":{"line":33,"column":4}},"8":{"start":{"line":30,"column":16},"end":{"line":30,"column":17}},"9":{"start":{"line":31,"column":5},"end":{"line":31,"column":21}},"10":{"start":{"line":32,"column":5},"end":{"line":32,"column":12}},"11":{"start":{"line":34,"column":3},"end":{"line":34,"column":16}}},"fnMap":{"0":{"name":"(anonymous_0)","decl":{"start":{"line":1,"column":23},"end":{"line":1,"column":24}},"loc":{"start":{"line":1,"column":29},"end":{"line":35,"column":2}},"line":1},"1":{"name":"(anonymous_1)","decl":{"start":{"line":24,"column":20},"end":{"line":24,"column":21}},"loc":{"start":{"line":24,"column":30},"end":{"line":28,"column":4}},"line":24}},"branchMap":{"0":{"loc":{"start":{"line":25,"column":5},"end":{"line":27,"column":6}},"type":"if","locations":[{"start":{"line":25,"column":5},"end":{"line":27,"column":6}},{"start":{},"end":{}}],"line":25}},"s":{"0":1,"1":1,"2":1,"3":1,"4":4,"5":2,"6":1,"7":1,"8":1,"9":2,"10":2,"11":1},"f":{"0":1,"1":4},"b":{"0":[2,2]},"_coverageSchema":"1a1c01bbd47fc00a2c39e90264f33305004495a9","hash":"eaa0406c523a8b4420a1ebfc22af02190efbd7a9"}
,"/Users/mariannalove/Desktop/todo-list-test/src/mockFunction/editUpdate.js": {"path":"/Users/mariannalove/Desktop/todo-list-test/src/mockFunction/editUpdate.js","statementMap":{"0":{"start":{"line":1,"column":25},"end":{"line":21,"column":1}},"1":{"start":{"line":22,"column":31},"end":{"line":27,"column":1}},"2":{"start":{"line":23,"column":1},"end":{"line":25,"column":2}},"3":{"start":{"line":24,"column":5},"end":{"line":24,"column":43}},"4":{"start":{"line":26,"column":1},"end":{"line":26,"column":18}},"5":{"start":{"line":28,"column":35},"end":{"line":31,"column":1}},"6":{"start":{"line":29,"column":1},"end":{"line":29,"column":45}},"7":{"start":{"line":30,"column":1},"end":{"line":30,"column":18}}},"fnMap":{"0":{"name":"(anonymous_0)","decl":{"start":{"line":22,"column":31},"end":{"line":22,"column":32}},"loc":{"start":{"line":22,"column":49},"end":{"line":27,"column":1}},"line":22},"1":{"name":"(anonymous_1)","decl":{"start":{"line":28,"column":35},"end":{"line":28,"column":36}},"loc":{"start":{"line":28,"column":56},"end":{"line":31,"column":1}},"line":28}},"branchMap":{"0":{"loc":{"start":{"line":23,"column":1},"end":{"line":25,"column":2}},"type":"if","locations":[{"start":{"line":23,"column":1},"end":{"line":25,"column":2}},{"start":{},"end":{}}],"line":23}},"s":{"0":1,"1":1,"2":3,"3":3,"4":3,"5":1,"6":3,"7":3},"f":{"0":3,"1":3},"b":{"0":[3,0]},"_coverageSchema":"1a1c01bbd47fc00a2c39e90264f33305004495a9","hash":"809a3de2f5b5610cd2b1a4598729cf745d14d723"}
,"/Users/mariannalove/Desktop/todo-list-test/src/mockFunction/removeTask.js": {"path":"/Users/mariannalove/Desktop/todo-list-test/src/mockFunction/removeTask.js","statementMap":{"0":{"start":{"line":1,"column":19},"end":{"line":10,"column":1}},"1":{"start":{"line":2,"column":27},"end":{"line":2,"column":85}},"2":{"start":{"line":3,"column":19},"end":{"line":3,"column":50}},"3":{"start":{"line":4,"column":2},"end":{"line":4,"column":36}},"4":{"start":{"line":5,"column":2},"end":{"line":7,"column":5}},"5":{"start":{"line":6,"column":4},"end":{"line":6,"column":24}},"6":{"start":{"line":8,"column":2},"end":{"line":8,"column":26}},"7":{"start":{"line":9,"column":2},"end":{"line":9,"column":77}}},"fnMap":{"0":{"name":"(anonymous_0)","decl":{"start":{"line":1,"column":19},"end":{"line":1,"column":20}},"loc":{"start":{"line":1,"column":30},"end":{"line":10,"column":1}},"line":1},"1":{"name":"(anonymous_1)","decl":{"start":{"line":5,"column":27},"end":{"line":5,"column":28}},"loc":{"start":{"line":5,"column":41},"end":{"line":7,"column":3}},"line":5}},"branchMap":{"0":{"loc":{"start":{"line":2,"column":27},"end":{"line":2,"column":85}},"type":"binary-expr","locations":[{"start":{"line":2,"column":27},"end":{"line":2,"column":79}},{"start":{"line":2,"column":83},"end":{"line":2,"column":85}}],"line":2}},"s":{"0":1,"1":1,"2":1,"3":1,"4":1,"5":1,"6":1,"7":1},"f":{"0":1,"1":1},"b":{"0":[1,0]},"_coverageSchema":"1a1c01bbd47fc00a2c39e90264f33305004495a9","hash":"4e8db54a5a70ad7b74998cba179f8fad19a65bf9"}
}
